2022-09-18 09:58:13.667  WARN 25508 --- [http-nio-9095-exec-2] .w.s.m.s.DefaultHandlerExceptionResolver : Resolved [org.springframework.http.converter.HttpMessageNotReadableException: JSON parse error: Unexpected character ('n' (code 110)): was expecting double-quote to start field name; nested exception is com.fasterxml.jackson.core.JsonParseException: Unexpected character ('n' (code 110)): was expecting double-quote to start field name<EOL> at [Source: (org.springframework.util.StreamUtils$NonClosingInputStream); line: 1, column: 3]]
2022-09-18 09:58:32.996  WARN 25508 --- [http-nio-9095-exec-3] .w.s.m.s.DefaultHandlerExceptionResolver : Resolved [org.springframework.http.converter.HttpMessageNotReadableException: JSON parse error: Unexpected character (''' (code 39)): expected a valid value (JSON String, Number, Array, Object or token 'null', 'true' or 'false'); nested exception is com.fasterxml.jackson.core.JsonParseException: Unexpected character (''' (code 39)): expected a valid value (JSON String, Number, Array, Object or token 'null', 'true' or 'false')<EOL> at [Source: (org.springframework.util.StreamUtils$NonClosingInputStream); line: 1, column: 2]]
2022-09-18 11:48:14.100  WARN 25508 --- [http-nio-9095-exec-3] .w.s.m.s.DefaultHandlerExceptionResolver : Resolved [org.springframework.web.HttpRequestMethodNotSupportedException: Request method 'PUT' not supported]
2022-09-18 11:54:59.194  WARN 25508 --- [http-nio-9095-exec-9] .w.s.m.s.DefaultHandlerExceptionResolver : Resolved [org.springframework.http.converter.HttpMessageNotReadableException: JSON parse error: Unexpected character ('f' (code 102)): was expecting double-quote to start field name; nested exception is com.fasterxml.jackson.core.JsonParseException: Unexpected character ('f' (code 102)): was expecting double-quote to start field name<EOL> at [Source: (org.springframework.util.StreamUtils$NonClosingInputStream); line: 1, column: 3]]
2022-09-18 11:55:02.897  WARN 25508 --- [http-nio-9095-exec-10] .w.s.m.s.DefaultHandlerExceptionResolver : Resolved [org.springframework.http.converter.HttpMessageNotReadableException: JSON parse error: Unexpected character ('f' (code 102)): was expecting double-quote to start field name; nested exception is com.fasterxml.jackson.core.JsonParseException: Unexpected character ('f' (code 102)): was expecting double-quote to start field name<EOL> at [Source: (org.springframework.util.StreamUtils$NonClosingInputStream); line: 1, column: 3]]
2022-09-18 11:55:13.495  WARN 25508 --- [http-nio-9095-exec-1] .w.s.m.s.DefaultHandlerExceptionResolver : Resolved [org.springframework.http.converter.HttpMessageNotReadableException: JSON parse error: Unexpected character (''' (code 39)): expected a valid value (JSON String, Number, Array, Object or token 'null', 'true' or 'false'); nested exception is com.fasterxml.jackson.core.JsonParseException: Unexpected character (''' (code 39)): expected a valid value (JSON String, Number, Array, Object or token 'null', 'true' or 'false')<EOL> at [Source: (org.springframework.util.StreamUtils$NonClosingInputStream); line: 1, column: 2]]
2022-09-18 11:55:15.763  WARN 25508 --- [http-nio-9095-exec-2] .w.s.m.s.DefaultHandlerExceptionResolver : Resolved [org.springframework.http.converter.HttpMessageNotReadableException: JSON parse error: Unexpected character (''' (code 39)): expected a valid value (JSON String, Number, Array, Object or token 'null', 'true' or 'false'); nested exception is com.fasterxml.jackson.core.JsonParseException: Unexpected character (''' (code 39)): expected a valid value (JSON String, Number, Array, Object or token 'null', 'true' or 'false')<EOL> at [Source: (org.springframework.util.StreamUtils$NonClosingInputStream); line: 1, column: 2]]
2022-09-18 11:55:22.793  WARN 25508 --- [http-nio-9095-exec-3] .w.s.m.s.DefaultHandlerExceptionResolver : Resolved [org.springframework.http.converter.HttpMessageNotReadableException: JSON parse error: Unexpected character (''' (code 39)): expected a valid value (JSON String, Number, Array, Object or token 'null', 'true' or 'false'); nested exception is com.fasterxml.jackson.core.JsonParseException: Unexpected character (''' (code 39)): expected a valid value (JSON String, Number, Array, Object or token 'null', 'true' or 'false')<EOL> at [Source: (org.springframework.util.StreamUtils$NonClosingInputStream); line: 1, column: 2]]
2022-09-18 12:38:36.724  WARN 25508 --- [http-nio-9095-exec-10] .w.s.m.s.DefaultHandlerExceptionResolver : Resolved [org.springframework.web.HttpRequestMethodNotSupportedException: Request method 'DELETE' not supported]
2022-09-18 12:39:49.831  WARN 25508 --- [http-nio-9095-exec-7] .w.s.m.s.DefaultHandlerExceptionResolver : Resolved [org.springframework.web.HttpRequestMethodNotSupportedException: Request method 'DELETE' not supported]
2022-09-18 12:42:02.755  WARN 25508 --- [http-nio-9095-exec-5] .w.s.m.s.DefaultHandlerExceptionResolver : Resolved [org.springframework.web.HttpRequestMethodNotSupportedException: Request method 'DELETE' not supported]
2022-09-18 12:42:20.567  WARN 25508 --- [http-nio-9095-exec-7] .w.s.m.s.DefaultHandlerExceptionResolver : Resolved [org.springframework.web.HttpRequestMethodNotSupportedException: Request method 'DELETE' not supported]
2022-09-18 12:46:48.055  INFO 27428 --- [restartedMain] hm.sitek.Application                     : Starting Application using Java 17.0.2 on ASUS-NB with PID 27428 (G:\prog\java\skillfactory_final_project_test\pos-server\target\classes started by Andrey in G:\prog\java\skillfactory_final_project_test\pos-server)
2022-09-18 12:46:48.057  INFO 27428 --- [restartedMain] hm.sitek.Application                     : No active profile set, falling back to 1 default profile: "default"
2022-09-18 12:46:48.113  INFO 27428 --- [restartedMain] .e.DevToolsPropertyDefaultsPostProcessor : Devtools property defaults active! Set 'spring.devtools.add-properties' to 'false' to disable
2022-09-18 12:46:48.114  INFO 27428 --- [restartedMain] .e.DevToolsPropertyDefaultsPostProcessor : For additional web related logging consider setting the 'logging.level.web' property to 'DEBUG'
2022-09-18 12:46:48.709  INFO 27428 --- [restartedMain] .s.d.r.c.RepositoryConfigurationDelegate : Bootstrapping Spring Data JPA repositories in DEFAULT mode.
2022-09-18 12:46:48.724  INFO 27428 --- [restartedMain] .s.d.r.c.RepositoryConfigurationDelegate : Finished Spring Data repository scanning in 6 ms. Found 0 JPA repository interfaces.
2022-09-18 12:46:49.463  INFO 27428 --- [restartedMain] o.s.b.w.embedded.tomcat.TomcatWebServer  : Tomcat initialized with port(s): 9095 (http)
2022-09-18 12:46:49.475  INFO 27428 --- [restartedMain] o.apache.catalina.core.StandardService   : Starting service [Tomcat]
2022-09-18 12:46:49.475  INFO 27428 --- [restartedMain] org.apache.catalina.core.StandardEngine  : Starting Servlet engine: [Apache Tomcat/9.0.65]
2022-09-18 12:46:49.548  INFO 27428 --- [restartedMain] o.a.c.c.C.[Tomcat].[localhost].[/]       : Initializing Spring embedded WebApplicationContext
2022-09-18 12:46:49.548  INFO 27428 --- [restartedMain] w.s.c.ServletWebServerApplicationContext : Root WebApplicationContext: initialization completed in 1434 ms
2022-09-18 12:46:49.698  INFO 27428 --- [restartedMain] com.zaxxer.hikari.HikariDataSource       : HikariPool-1 - Starting...
2022-09-18 12:46:49.940  INFO 27428 --- [restartedMain] com.zaxxer.hikari.HikariDataSource       : HikariPool-1 - Start completed.
2022-09-18 12:46:49.985  INFO 27428 --- [restartedMain] o.hibernate.jpa.internal.util.LogHelper  : HHH000204: Processing PersistenceUnitInfo [name: default]
2022-09-18 12:46:50.046  INFO 27428 --- [restartedMain] org.hibernate.Version                    : HHH000412: Hibernate ORM core version 5.6.10.Final
2022-09-18 12:46:50.222  INFO 27428 --- [restartedMain] o.hibernate.annotations.common.Version   : HCANN000001: Hibernate Commons Annotations {5.1.2.Final}
2022-09-18 12:46:50.363  INFO 27428 --- [restartedMain] org.hibernate.dialect.Dialect            : HHH000400: Using dialect: org.hibernate.dialect.PostgreSQL10Dialect
2022-09-18 12:46:50.557  INFO 27428 --- [restartedMain] o.h.e.t.j.p.i.JtaPlatformInitiator       : HHH000490: Using JtaPlatform implementation: [org.hibernate.engine.transaction.jta.platform.internal.NoJtaPlatform]
2022-09-18 12:46:50.574  INFO 27428 --- [restartedMain] j.LocalContainerEntityManagerFactoryBean : Initialized JPA EntityManagerFactory for persistence unit 'default'
2022-09-18 12:46:50.645  WARN 27428 --- [restartedMain] JpaBaseConfiguration$JpaWebConfiguration : spring.jpa.open-in-view is enabled by default. Therefore, database queries may be performed during view rendering. Explicitly configure spring.jpa.open-in-view to disable this warning
2022-09-18 12:46:50.790  INFO 27428 --- [restartedMain] o.s.b.a.w.s.WelcomePageHandlerMapping    : Adding welcome page template: index
2022-09-18 12:46:50.968  INFO 27428 --- [restartedMain] o.s.b.d.a.OptionalLiveReloadServer       : LiveReload server is running on port 35729
2022-09-18 12:46:51.003  INFO 27428 --- [restartedMain] o.s.b.w.embedded.tomcat.TomcatWebServer  : Tomcat started on port(s): 9095 (http) with context path ''
2022-09-18 12:46:51.015  INFO 27428 --- [restartedMain] hm.sitek.Application                     : Started Application in 3.334 seconds (JVM running for 3.815)
2022-09-18 12:47:03.477  INFO 27428 --- [http-nio-9095-exec-1] o.a.c.c.C.[Tomcat].[localhost].[/]       : Initializing Spring DispatcherServlet 'dispatcherServlet'
2022-09-18 12:47:03.477  INFO 27428 --- [http-nio-9095-exec-1] o.s.web.servlet.DispatcherServlet        : Initializing Servlet 'dispatcherServlet'
2022-09-18 12:47:03.478  INFO 27428 --- [http-nio-9095-exec-1] o.s.web.servlet.DispatcherServlet        : Completed initialization in 1 ms
2022-09-18 12:50:14.573  INFO 10084 --- [restartedMain] hm.sitek.Application                     : Starting Application using Java 17.0.2 on ASUS-NB with PID 10084 (G:\prog\java\skillfactory_final_project_test\pos-server\target\classes started by Andrey in G:\prog\java\skillfactory_final_project_test\pos-server)
2022-09-18 12:50:14.574  INFO 10084 --- [restartedMain] hm.sitek.Application                     : No active profile set, falling back to 1 default profile: "default"
2022-09-18 12:50:14.630  INFO 10084 --- [restartedMain] .e.DevToolsPropertyDefaultsPostProcessor : Devtools property defaults active! Set 'spring.devtools.add-properties' to 'false' to disable
2022-09-18 12:50:14.630  INFO 10084 --- [restartedMain] .e.DevToolsPropertyDefaultsPostProcessor : For additional web related logging consider setting the 'logging.level.web' property to 'DEBUG'
2022-09-18 12:50:15.187  INFO 10084 --- [restartedMain] .s.d.r.c.RepositoryConfigurationDelegate : Bootstrapping Spring Data JPA repositories in DEFAULT mode.
2022-09-18 12:50:15.203  INFO 10084 --- [restartedMain] .s.d.r.c.RepositoryConfigurationDelegate : Finished Spring Data repository scanning in 6 ms. Found 0 JPA repository interfaces.
2022-09-18 12:50:15.894  INFO 10084 --- [restartedMain] o.s.b.w.embedded.tomcat.TomcatWebServer  : Tomcat initialized with port(s): 9095 (http)
2022-09-18 12:50:15.906  INFO 10084 --- [restartedMain] o.apache.catalina.core.StandardService   : Starting service [Tomcat]
2022-09-18 12:50:15.907  INFO 10084 --- [restartedMain] org.apache.catalina.core.StandardEngine  : Starting Servlet engine: [Apache Tomcat/9.0.65]
2022-09-18 12:50:15.984  INFO 10084 --- [restartedMain] o.a.c.c.C.[Tomcat].[localhost].[/]       : Initializing Spring embedded WebApplicationContext
2022-09-18 12:50:15.985  INFO 10084 --- [restartedMain] w.s.c.ServletWebServerApplicationContext : Root WebApplicationContext: initialization completed in 1354 ms
2022-09-18 12:50:16.126  INFO 10084 --- [restartedMain] com.zaxxer.hikari.HikariDataSource       : HikariPool-1 - Starting...
2022-09-18 12:50:16.257  INFO 10084 --- [restartedMain] com.zaxxer.hikari.HikariDataSource       : HikariPool-1 - Start completed.
2022-09-18 12:50:16.302  INFO 10084 --- [restartedMain] o.hibernate.jpa.internal.util.LogHelper  : HHH000204: Processing PersistenceUnitInfo [name: default]
2022-09-18 12:50:16.346  INFO 10084 --- [restartedMain] org.hibernate.Version                    : HHH000412: Hibernate ORM core version 5.6.10.Final
2022-09-18 12:50:16.522  INFO 10084 --- [restartedMain] o.hibernate.annotations.common.Version   : HCANN000001: Hibernate Commons Annotations {5.1.2.Final}
2022-09-18 12:50:16.648  INFO 10084 --- [restartedMain] org.hibernate.dialect.Dialect            : HHH000400: Using dialect: org.hibernate.dialect.PostgreSQL10Dialect
2022-09-18 12:50:16.829  INFO 10084 --- [restartedMain] o.h.e.t.j.p.i.JtaPlatformInitiator       : HHH000490: Using JtaPlatform implementation: [org.hibernate.engine.transaction.jta.platform.internal.NoJtaPlatform]
2022-09-18 12:50:16.843  INFO 10084 --- [restartedMain] j.LocalContainerEntityManagerFactoryBean : Initialized JPA EntityManagerFactory for persistence unit 'default'
2022-09-18 12:50:16.909  WARN 10084 --- [restartedMain] JpaBaseConfiguration$JpaWebConfiguration : spring.jpa.open-in-view is enabled by default. Therefore, database queries may be performed during view rendering. Explicitly configure spring.jpa.open-in-view to disable this warning
2022-09-18 12:50:17.065  INFO 10084 --- [restartedMain] o.s.b.a.w.s.WelcomePageHandlerMapping    : Adding welcome page template: index
2022-09-18 12:50:17.252  INFO 10084 --- [restartedMain] o.s.b.d.a.OptionalLiveReloadServer       : LiveReload server is running on port 35729
2022-09-18 12:50:17.291  INFO 10084 --- [restartedMain] o.s.b.w.embedded.tomcat.TomcatWebServer  : Tomcat started on port(s): 9095 (http) with context path ''
2022-09-18 12:50:17.303  INFO 10084 --- [restartedMain] hm.sitek.Application                     : Started Application in 3.103 seconds (JVM running for 3.582)
2022-09-18 12:50:24.536  INFO 10084 --- [http-nio-9095-exec-1] o.a.c.c.C.[Tomcat].[localhost].[/]       : Initializing Spring DispatcherServlet 'dispatcherServlet'
2022-09-18 12:50:24.537  INFO 10084 --- [http-nio-9095-exec-1] o.s.web.servlet.DispatcherServlet        : Initializing Servlet 'dispatcherServlet'
2022-09-18 12:50:24.538  INFO 10084 --- [http-nio-9095-exec-1] o.s.web.servlet.DispatcherServlet        : Completed initialization in 1 ms
2022-09-18 12:52:46.645  INFO 15312 --- [restartedMain] hm.sitek.Application                     : Starting Application using Java 17.0.2 on ASUS-NB with PID 15312 (G:\prog\java\skillfactory_final_project_test\pos-server\target\classes started by Andrey in G:\prog\java\skillfactory_final_project_test\pos-server)
2022-09-18 12:52:46.646  INFO 15312 --- [restartedMain] hm.sitek.Application                     : No active profile set, falling back to 1 default profile: "default"
2022-09-18 12:52:46.703  INFO 15312 --- [restartedMain] .e.DevToolsPropertyDefaultsPostProcessor : Devtools property defaults active! Set 'spring.devtools.add-properties' to 'false' to disable
2022-09-18 12:52:46.704  INFO 15312 --- [restartedMain] .e.DevToolsPropertyDefaultsPostProcessor : For additional web related logging consider setting the 'logging.level.web' property to 'DEBUG'
2022-09-18 12:52:47.294  INFO 15312 --- [restartedMain] .s.d.r.c.RepositoryConfigurationDelegate : Bootstrapping Spring Data JPA repositories in DEFAULT mode.
2022-09-18 12:52:47.310  INFO 15312 --- [restartedMain] .s.d.r.c.RepositoryConfigurationDelegate : Finished Spring Data repository scanning in 7 ms. Found 0 JPA repository interfaces.
2022-09-18 12:52:48.037  INFO 15312 --- [restartedMain] o.s.b.w.embedded.tomcat.TomcatWebServer  : Tomcat initialized with port(s): 9095 (http)
2022-09-18 12:52:48.049  INFO 15312 --- [restartedMain] o.apache.catalina.core.StandardService   : Starting service [Tomcat]
2022-09-18 12:52:48.050  INFO 15312 --- [restartedMain] org.apache.catalina.core.StandardEngine  : Starting Servlet engine: [Apache Tomcat/9.0.65]
2022-09-18 12:52:48.126  INFO 15312 --- [restartedMain] o.a.c.c.C.[Tomcat].[localhost].[/]       : Initializing Spring embedded WebApplicationContext
2022-09-18 12:52:48.127  INFO 15312 --- [restartedMain] w.s.c.ServletWebServerApplicationContext : Root WebApplicationContext: initialization completed in 1423 ms
2022-09-18 12:52:48.277  INFO 15312 --- [restartedMain] com.zaxxer.hikari.HikariDataSource       : HikariPool-1 - Starting...
2022-09-18 12:52:48.401  INFO 15312 --- [restartedMain] com.zaxxer.hikari.HikariDataSource       : HikariPool-1 - Start completed.
2022-09-18 12:52:48.448  INFO 15312 --- [restartedMain] o.hibernate.jpa.internal.util.LogHelper  : HHH000204: Processing PersistenceUnitInfo [name: default]
2022-09-18 12:52:48.496  INFO 15312 --- [restartedMain] org.hibernate.Version                    : HHH000412: Hibernate ORM core version 5.6.10.Final
2022-09-18 12:52:48.658  INFO 15312 --- [restartedMain] o.hibernate.annotations.common.Version   : HCANN000001: Hibernate Commons Annotations {5.1.2.Final}
2022-09-18 12:52:48.776  INFO 15312 --- [restartedMain] org.hibernate.dialect.Dialect            : HHH000400: Using dialect: org.hibernate.dialect.PostgreSQL10Dialect
2022-09-18 12:52:48.931  INFO 15312 --- [restartedMain] o.h.e.t.j.p.i.JtaPlatformInitiator       : HHH000490: Using JtaPlatform implementation: [org.hibernate.engine.transaction.jta.platform.internal.NoJtaPlatform]
2022-09-18 12:52:48.943  INFO 15312 --- [restartedMain] j.LocalContainerEntityManagerFactoryBean : Initialized JPA EntityManagerFactory for persistence unit 'default'
2022-09-18 12:52:49.003  WARN 15312 --- [restartedMain] JpaBaseConfiguration$JpaWebConfiguration : spring.jpa.open-in-view is enabled by default. Therefore, database queries may be performed during view rendering. Explicitly configure spring.jpa.open-in-view to disable this warning
2022-09-18 12:52:49.156  INFO 15312 --- [restartedMain] o.s.b.a.w.s.WelcomePageHandlerMapping    : Adding welcome page template: index
2022-09-18 12:52:49.336  INFO 15312 --- [restartedMain] o.s.b.d.a.OptionalLiveReloadServer       : LiveReload server is running on port 35729
2022-09-18 12:52:49.372  INFO 15312 --- [restartedMain] o.s.b.w.embedded.tomcat.TomcatWebServer  : Tomcat started on port(s): 9095 (http) with context path ''
2022-09-18 12:52:49.385  INFO 15312 --- [restartedMain] hm.sitek.Application                     : Started Application in 3.151 seconds (JVM running for 3.621)
2022-09-18 12:52:55.353  INFO 15312 --- [http-nio-9095-exec-1] o.a.c.c.C.[Tomcat].[localhost].[/]       : Initializing Spring DispatcherServlet 'dispatcherServlet'
2022-09-18 12:52:55.354  INFO 15312 --- [http-nio-9095-exec-1] o.s.web.servlet.DispatcherServlet        : Initializing Servlet 'dispatcherServlet'
2022-09-18 12:52:55.355  INFO 15312 --- [http-nio-9095-exec-1] o.s.web.servlet.DispatcherServlet        : Completed initialization in 1 ms
2022-09-18 12:53:42.130  INFO 14304 --- [restartedMain] hm.sitek.Application                     : Starting Application using Java 17.0.2 on ASUS-NB with PID 14304 (G:\prog\java\skillfactory_final_project_test\pos-server\target\classes started by Andrey in G:\prog\java\skillfactory_final_project_test\pos-server)
2022-09-18 12:53:42.131  INFO 14304 --- [restartedMain] hm.sitek.Application                     : No active profile set, falling back to 1 default profile: "default"
2022-09-18 12:53:42.191  INFO 14304 --- [restartedMain] .e.DevToolsPropertyDefaultsPostProcessor : Devtools property defaults active! Set 'spring.devtools.add-properties' to 'false' to disable
2022-09-18 12:53:42.192  INFO 14304 --- [restartedMain] .e.DevToolsPropertyDefaultsPostProcessor : For additional web related logging consider setting the 'logging.level.web' property to 'DEBUG'
2022-09-18 12:53:42.859  INFO 14304 --- [restartedMain] .s.d.r.c.RepositoryConfigurationDelegate : Bootstrapping Spring Data JPA repositories in DEFAULT mode.
2022-09-18 12:53:42.875  INFO 14304 --- [restartedMain] .s.d.r.c.RepositoryConfigurationDelegate : Finished Spring Data repository scanning in 7 ms. Found 0 JPA repository interfaces.
2022-09-18 12:53:43.617  INFO 14304 --- [restartedMain] o.s.b.w.embedded.tomcat.TomcatWebServer  : Tomcat initialized with port(s): 9095 (http)
2022-09-18 12:53:43.628  INFO 14304 --- [restartedMain] o.apache.catalina.core.StandardService   : Starting service [Tomcat]
2022-09-18 12:53:43.628  INFO 14304 --- [restartedMain] org.apache.catalina.core.StandardEngine  : Starting Servlet engine: [Apache Tomcat/9.0.65]
2022-09-18 12:53:43.709  INFO 14304 --- [restartedMain] o.a.c.c.C.[Tomcat].[localhost].[/]       : Initializing Spring embedded WebApplicationContext
2022-09-18 12:53:43.709  INFO 14304 --- [restartedMain] w.s.c.ServletWebServerApplicationContext : Root WebApplicationContext: initialization completed in 1516 ms
2022-09-18 12:53:43.861  INFO 14304 --- [restartedMain] com.zaxxer.hikari.HikariDataSource       : HikariPool-1 - Starting...
2022-09-18 12:53:43.982  INFO 14304 --- [restartedMain] com.zaxxer.hikari.HikariDataSource       : HikariPool-1 - Start completed.
2022-09-18 12:53:44.025  INFO 14304 --- [restartedMain] o.hibernate.jpa.internal.util.LogHelper  : HHH000204: Processing PersistenceUnitInfo [name: default]
2022-09-18 12:53:44.069  INFO 14304 --- [restartedMain] org.hibernate.Version                    : HHH000412: Hibernate ORM core version 5.6.10.Final
2022-09-18 12:53:44.232  INFO 14304 --- [restartedMain] o.hibernate.annotations.common.Version   : HCANN000001: Hibernate Commons Annotations {5.1.2.Final}
2022-09-18 12:53:44.342  INFO 14304 --- [restartedMain] org.hibernate.dialect.Dialect            : HHH000400: Using dialect: org.hibernate.dialect.PostgreSQL10Dialect
2022-09-18 12:53:44.503  INFO 14304 --- [restartedMain] o.h.e.t.j.p.i.JtaPlatformInitiator       : HHH000490: Using JtaPlatform implementation: [org.hibernate.engine.transaction.jta.platform.internal.NoJtaPlatform]
2022-09-18 12:53:44.516  INFO 14304 --- [restartedMain] j.LocalContainerEntityManagerFactoryBean : Initialized JPA EntityManagerFactory for persistence unit 'default'
2022-09-18 12:53:44.574  WARN 14304 --- [restartedMain] JpaBaseConfiguration$JpaWebConfiguration : spring.jpa.open-in-view is enabled by default. Therefore, database queries may be performed during view rendering. Explicitly configure spring.jpa.open-in-view to disable this warning
2022-09-18 12:53:44.718  INFO 14304 --- [restartedMain] o.s.b.a.w.s.WelcomePageHandlerMapping    : Adding welcome page template: index
2022-09-18 12:53:44.895  INFO 14304 --- [restartedMain] o.s.b.d.a.OptionalLiveReloadServer       : LiveReload server is running on port 35729
2022-09-18 12:53:44.927  INFO 14304 --- [restartedMain] o.s.b.w.embedded.tomcat.TomcatWebServer  : Tomcat started on port(s): 9095 (http) with context path ''
2022-09-18 12:53:44.938  INFO 14304 --- [restartedMain] hm.sitek.Application                     : Started Application in 3.209 seconds (JVM running for 3.685)
2022-09-18 12:53:53.951  INFO 14304 --- [http-nio-9095-exec-1] o.a.c.c.C.[Tomcat].[localhost].[/]       : Initializing Spring DispatcherServlet 'dispatcherServlet'
2022-09-18 12:53:53.952  INFO 14304 --- [http-nio-9095-exec-1] o.s.web.servlet.DispatcherServlet        : Initializing Servlet 'dispatcherServlet'
2022-09-18 12:53:53.953  INFO 14304 --- [http-nio-9095-exec-1] o.s.web.servlet.DispatcherServlet        : Completed initialization in 1 ms
2022-09-18 15:37:40.783  INFO 22680 --- [restartedMain] hm.sitek.Application                     : Starting Application using Java 17.0.2 on ASUS-NB with PID 22680 (G:\prog\java\skillfactory_final_project_test\pos-server\target\classes started by Andrey in G:\prog\java\skillfactory_final_project_test\pos-server)
2022-09-18 15:37:40.784  INFO 22680 --- [restartedMain] hm.sitek.Application                     : No active profile set, falling back to 1 default profile: "default"
2022-09-18 15:37:40.837  INFO 22680 --- [restartedMain] .e.DevToolsPropertyDefaultsPostProcessor : Devtools property defaults active! Set 'spring.devtools.add-properties' to 'false' to disable
2022-09-18 15:37:40.838  INFO 22680 --- [restartedMain] .e.DevToolsPropertyDefaultsPostProcessor : For additional web related logging consider setting the 'logging.level.web' property to 'DEBUG'
2022-09-18 15:37:41.433  INFO 22680 --- [restartedMain] .s.d.r.c.RepositoryConfigurationDelegate : Bootstrapping Spring Data JPA repositories in DEFAULT mode.
2022-09-18 15:37:41.450  INFO 22680 --- [restartedMain] .s.d.r.c.RepositoryConfigurationDelegate : Finished Spring Data repository scanning in 8 ms. Found 0 JPA repository interfaces.
2022-09-18 15:37:42.177  INFO 22680 --- [restartedMain] o.s.b.w.embedded.tomcat.TomcatWebServer  : Tomcat initialized with port(s): 9095 (http)
2022-09-18 15:37:42.192  INFO 22680 --- [restartedMain] o.apache.catalina.core.StandardService   : Starting service [Tomcat]
2022-09-18 15:37:42.192  INFO 22680 --- [restartedMain] org.apache.catalina.core.StandardEngine  : Starting Servlet engine: [Apache Tomcat/9.0.65]
2022-09-18 15:37:42.275  INFO 22680 --- [restartedMain] o.a.c.c.C.[Tomcat].[localhost].[/]       : Initializing Spring embedded WebApplicationContext
2022-09-18 15:37:42.275  INFO 22680 --- [restartedMain] w.s.c.ServletWebServerApplicationContext : Root WebApplicationContext: initialization completed in 1437 ms
2022-09-18 15:37:42.425  INFO 22680 --- [restartedMain] com.zaxxer.hikari.HikariDataSource       : HikariPool-1 - Starting...
2022-09-18 15:37:42.559  INFO 22680 --- [restartedMain] com.zaxxer.hikari.HikariDataSource       : HikariPool-1 - Start completed.
2022-09-18 15:37:42.603  INFO 22680 --- [restartedMain] o.hibernate.jpa.internal.util.LogHelper  : HHH000204: Processing PersistenceUnitInfo [name: default]
2022-09-18 15:37:42.660  INFO 22680 --- [restartedMain] org.hibernate.Version                    : HHH000412: Hibernate ORM core version 5.6.10.Final
2022-09-18 15:37:42.835  INFO 22680 --- [restartedMain] o.hibernate.annotations.common.Version   : HCANN000001: Hibernate Commons Annotations {5.1.2.Final}
2022-09-18 15:37:42.974  INFO 22680 --- [restartedMain] org.hibernate.dialect.Dialect            : HHH000400: Using dialect: org.hibernate.dialect.PostgreSQL10Dialect
2022-09-18 15:37:43.150  INFO 22680 --- [restartedMain] o.h.e.t.j.p.i.JtaPlatformInitiator       : HHH000490: Using JtaPlatform implementation: [org.hibernate.engine.transaction.jta.platform.internal.NoJtaPlatform]
2022-09-18 15:37:43.164  INFO 22680 --- [restartedMain] j.LocalContainerEntityManagerFactoryBean : Initialized JPA EntityManagerFactory for persistence unit 'default'
2022-09-18 15:37:43.242  WARN 22680 --- [restartedMain] JpaBaseConfiguration$JpaWebConfiguration : spring.jpa.open-in-view is enabled by default. Therefore, database queries may be performed during view rendering. Explicitly configure spring.jpa.open-in-view to disable this warning
2022-09-18 15:37:43.378  INFO 22680 --- [restartedMain] o.s.b.a.w.s.WelcomePageHandlerMapping    : Adding welcome page template: index
2022-09-18 15:37:43.558  INFO 22680 --- [restartedMain] o.s.b.d.a.OptionalLiveReloadServer       : LiveReload server is running on port 35729
2022-09-18 15:37:43.592  INFO 22680 --- [restartedMain] o.s.b.w.embedded.tomcat.TomcatWebServer  : Tomcat started on port(s): 9095 (http) with context path ''
2022-09-18 15:37:43.603  INFO 22680 --- [restartedMain] hm.sitek.Application                     : Started Application in 3.216 seconds (JVM running for 3.733)
2022-09-18 15:37:53.743  INFO 22680 --- [http-nio-9095-exec-1] o.a.c.c.C.[Tomcat].[localhost].[/]       : Initializing Spring DispatcherServlet 'dispatcherServlet'
2022-09-18 15:37:53.744  INFO 22680 --- [http-nio-9095-exec-1] o.s.web.servlet.DispatcherServlet        : Initializing Servlet 'dispatcherServlet'
2022-09-18 15:37:53.745  INFO 22680 --- [http-nio-9095-exec-1] o.s.web.servlet.DispatcherServlet        : Completed initialization in 1 ms
2022-09-18 15:39:08.179  WARN 22680 --- [http-nio-9095-exec-5] .w.s.m.s.DefaultHandlerExceptionResolver : Resolved [org.springframework.http.converter.HttpMessageNotWritableException: No converter for [class java.util.ArrayList] with preset Content-Type 'null']
2022-09-18 15:42:24.162  WARN 22680 --- [http-nio-9095-exec-5] .w.s.m.s.DefaultHandlerExceptionResolver : Resolved [org.springframework.http.converter.HttpMessageNotWritableException: No converter for [class java.util.ArrayList] with preset Content-Type 'null']
2022-09-18 15:43:09.809  INFO 26796 --- [restartedMain] hm.sitek.Application                     : Starting Application using Java 17.0.2 on ASUS-NB with PID 26796 (G:\prog\java\skillfactory_final_project_test\pos-server\target\classes started by Andrey in G:\prog\java\skillfactory_final_project_test\pos-server)
2022-09-18 15:43:09.811  INFO 26796 --- [restartedMain] hm.sitek.Application                     : No active profile set, falling back to 1 default profile: "default"
2022-09-18 15:43:09.863  INFO 26796 --- [restartedMain] .e.DevToolsPropertyDefaultsPostProcessor : Devtools property defaults active! Set 'spring.devtools.add-properties' to 'false' to disable
2022-09-18 15:43:09.864  INFO 26796 --- [restartedMain] .e.DevToolsPropertyDefaultsPostProcessor : For additional web related logging consider setting the 'logging.level.web' property to 'DEBUG'
2022-09-18 15:43:10.425  INFO 26796 --- [restartedMain] .s.d.r.c.RepositoryConfigurationDelegate : Bootstrapping Spring Data JPA repositories in DEFAULT mode.
2022-09-18 15:43:10.441  INFO 26796 --- [restartedMain] .s.d.r.c.RepositoryConfigurationDelegate : Finished Spring Data repository scanning in 7 ms. Found 0 JPA repository interfaces.
2022-09-18 15:43:11.133  INFO 26796 --- [restartedMain] o.s.b.w.embedded.tomcat.TomcatWebServer  : Tomcat initialized with port(s): 9095 (http)
2022-09-18 15:43:11.146  INFO 26796 --- [restartedMain] o.apache.catalina.core.StandardService   : Starting service [Tomcat]
2022-09-18 15:43:11.146  INFO 26796 --- [restartedMain] org.apache.catalina.core.StandardEngine  : Starting Servlet engine: [Apache Tomcat/9.0.65]
2022-09-18 15:43:11.230  INFO 26796 --- [restartedMain] o.a.c.c.C.[Tomcat].[localhost].[/]       : Initializing Spring embedded WebApplicationContext
2022-09-18 15:43:11.230  INFO 26796 --- [restartedMain] w.s.c.ServletWebServerApplicationContext : Root WebApplicationContext: initialization completed in 1366 ms
2022-09-18 15:43:11.402  INFO 26796 --- [restartedMain] com.zaxxer.hikari.HikariDataSource       : HikariPool-1 - Starting...
2022-09-18 15:43:11.546  INFO 26796 --- [restartedMain] com.zaxxer.hikari.HikariDataSource       : HikariPool-1 - Start completed.
2022-09-18 15:43:11.596  INFO 26796 --- [restartedMain] o.hibernate.jpa.internal.util.LogHelper  : HHH000204: Processing PersistenceUnitInfo [name: default]
2022-09-18 15:43:11.648  INFO 26796 --- [restartedMain] org.hibernate.Version                    : HHH000412: Hibernate ORM core version 5.6.10.Final
2022-09-18 15:43:11.816  INFO 26796 --- [restartedMain] o.hibernate.annotations.common.Version   : HCANN000001: Hibernate Commons Annotations {5.1.2.Final}
2022-09-18 15:43:11.939  INFO 26796 --- [restartedMain] org.hibernate.dialect.Dialect            : HHH000400: Using dialect: org.hibernate.dialect.PostgreSQL10Dialect
2022-09-18 15:43:12.105  INFO 26796 --- [restartedMain] o.h.e.t.j.p.i.JtaPlatformInitiator       : HHH000490: Using JtaPlatform implementation: [org.hibernate.engine.transaction.jta.platform.internal.NoJtaPlatform]
2022-09-18 15:43:12.118  INFO 26796 --- [restartedMain] j.LocalContainerEntityManagerFactoryBean : Initialized JPA EntityManagerFactory for persistence unit 'default'
2022-09-18 15:43:12.205  WARN 26796 --- [restartedMain] JpaBaseConfiguration$JpaWebConfiguration : spring.jpa.open-in-view is enabled by default. Therefore, database queries may be performed during view rendering. Explicitly configure spring.jpa.open-in-view to disable this warning
2022-09-18 15:43:12.346  INFO 26796 --- [restartedMain] o.s.b.a.w.s.WelcomePageHandlerMapping    : Adding welcome page template: index
2022-09-18 15:43:12.530  INFO 26796 --- [restartedMain] o.s.b.d.a.OptionalLiveReloadServer       : LiveReload server is running on port 35729
2022-09-18 15:43:12.560  INFO 26796 --- [restartedMain] o.s.b.w.embedded.tomcat.TomcatWebServer  : Tomcat started on port(s): 9095 (http) with context path ''
2022-09-18 15:43:12.570  INFO 26796 --- [restartedMain] hm.sitek.Application                     : Started Application in 3.109 seconds (JVM running for 3.579)
2022-09-18 15:43:18.393  INFO 26796 --- [http-nio-9095-exec-1] o.a.c.c.C.[Tomcat].[localhost].[/]       : Initializing Spring DispatcherServlet 'dispatcherServlet'
2022-09-18 15:43:18.393  INFO 26796 --- [http-nio-9095-exec-1] o.s.web.servlet.DispatcherServlet        : Initializing Servlet 'dispatcherServlet'
2022-09-18 15:43:18.394  INFO 26796 --- [http-nio-9095-exec-1] o.s.web.servlet.DispatcherServlet        : Completed initialization in 1 ms
2022-09-18 15:43:18.512  WARN 26796 --- [http-nio-9095-exec-1] .w.s.m.s.DefaultHandlerExceptionResolver : Resolved [org.springframework.http.converter.HttpMessageNotWritableException: No converter for [class java.util.ArrayList] with preset Content-Type 'null']
2022-09-18 15:43:29.916  WARN 26796 --- [http-nio-9095-exec-4] .w.s.m.s.DefaultHandlerExceptionResolver : Resolved [org.springframework.http.converter.HttpMessageNotWritableException: No converter for [class java.util.ArrayList] with preset Content-Type 'null']
2022-09-18 15:44:16.732  WARN 26796 --- [http-nio-9095-exec-1] .w.s.m.s.DefaultHandlerExceptionResolver : Resolved [org.springframework.http.converter.HttpMessageNotWritableException: No converter for [class java.util.ArrayList] with preset Content-Type 'null']
2022-09-18 15:49:30.869  INFO 18972 --- [restartedMain] hm.sitek.Application                     : Starting Application using Java 17.0.2 on ASUS-NB with PID 18972 (G:\prog\java\skillfactory_final_project_test\pos-server\target\classes started by Andrey in G:\prog\java\skillfactory_final_project_test\pos-server)
2022-09-18 15:49:30.871  INFO 18972 --- [restartedMain] hm.sitek.Application                     : No active profile set, falling back to 1 default profile: "default"
2022-09-18 15:49:30.923  INFO 18972 --- [restartedMain] .e.DevToolsPropertyDefaultsPostProcessor : Devtools property defaults active! Set 'spring.devtools.add-properties' to 'false' to disable
2022-09-18 15:49:30.924  INFO 18972 --- [restartedMain] .e.DevToolsPropertyDefaultsPostProcessor : For additional web related logging consider setting the 'logging.level.web' property to 'DEBUG'
2022-09-18 15:49:31.546  INFO 18972 --- [restartedMain] .s.d.r.c.RepositoryConfigurationDelegate : Bootstrapping Spring Data JPA repositories in DEFAULT mode.
2022-09-18 15:49:31.561  INFO 18972 --- [restartedMain] .s.d.r.c.RepositoryConfigurationDelegate : Finished Spring Data repository scanning in 6 ms. Found 0 JPA repository interfaces.
2022-09-18 15:49:32.266  INFO 18972 --- [restartedMain] o.s.b.w.embedded.tomcat.TomcatWebServer  : Tomcat initialized with port(s): 9095 (http)
2022-09-18 15:49:32.278  INFO 18972 --- [restartedMain] o.apache.catalina.core.StandardService   : Starting service [Tomcat]
2022-09-18 15:49:32.279  INFO 18972 --- [restartedMain] org.apache.catalina.core.StandardEngine  : Starting Servlet engine: [Apache Tomcat/9.0.65]
2022-09-18 15:49:32.357  INFO 18972 --- [restartedMain] o.a.c.c.C.[Tomcat].[localhost].[/]       : Initializing Spring embedded WebApplicationContext
2022-09-18 15:49:32.358  INFO 18972 --- [restartedMain] w.s.c.ServletWebServerApplicationContext : Root WebApplicationContext: initialization completed in 1434 ms
2022-09-18 15:49:32.511  INFO 18972 --- [restartedMain] com.zaxxer.hikari.HikariDataSource       : HikariPool-1 - Starting...
2022-09-18 15:49:32.638  INFO 18972 --- [restartedMain] com.zaxxer.hikari.HikariDataSource       : HikariPool-1 - Start completed.
2022-09-18 15:49:32.682  INFO 18972 --- [restartedMain] o.hibernate.jpa.internal.util.LogHelper  : HHH000204: Processing PersistenceUnitInfo [name: default]
2022-09-18 15:49:32.728  INFO 18972 --- [restartedMain] org.hibernate.Version                    : HHH000412: Hibernate ORM core version 5.6.10.Final
2022-09-18 15:49:32.883  INFO 18972 --- [restartedMain] o.hibernate.annotations.common.Version   : HCANN000001: Hibernate Commons Annotations {5.1.2.Final}
2022-09-18 15:49:33.009  INFO 18972 --- [restartedMain] org.hibernate.dialect.Dialect            : HHH000400: Using dialect: org.hibernate.dialect.PostgreSQL10Dialect
2022-09-18 15:49:33.190  INFO 18972 --- [restartedMain] o.h.e.t.j.p.i.JtaPlatformInitiator       : HHH000490: Using JtaPlatform implementation: [org.hibernate.engine.transaction.jta.platform.internal.NoJtaPlatform]
2022-09-18 15:49:33.199  INFO 18972 --- [restartedMain] j.LocalContainerEntityManagerFactoryBean : Initialized JPA EntityManagerFactory for persistence unit 'default'
2022-09-18 15:49:33.279  WARN 18972 --- [restartedMain] JpaBaseConfiguration$JpaWebConfiguration : spring.jpa.open-in-view is enabled by default. Therefore, database queries may be performed during view rendering. Explicitly configure spring.jpa.open-in-view to disable this warning
2022-09-18 15:49:33.439  INFO 18972 --- [restartedMain] o.s.b.a.w.s.WelcomePageHandlerMapping    : Adding welcome page template: index
2022-09-18 15:49:33.611  INFO 18972 --- [restartedMain] o.s.b.d.a.OptionalLiveReloadServer       : LiveReload server is running on port 35729
2022-09-18 15:49:33.641  INFO 18972 --- [restartedMain] o.s.b.w.embedded.tomcat.TomcatWebServer  : Tomcat started on port(s): 9095 (http) with context path ''
2022-09-18 15:49:33.652  INFO 18972 --- [restartedMain] hm.sitek.Application                     : Started Application in 3.153 seconds (JVM running for 3.627)
2022-09-18 15:49:46.637  INFO 18972 --- [http-nio-9095-exec-1] o.a.c.c.C.[Tomcat].[localhost].[/]       : Initializing Spring DispatcherServlet 'dispatcherServlet'
2022-09-18 15:49:46.637  INFO 18972 --- [http-nio-9095-exec-1] o.s.web.servlet.DispatcherServlet        : Initializing Servlet 'dispatcherServlet'
2022-09-18 15:49:46.639  INFO 18972 --- [http-nio-9095-exec-1] o.s.web.servlet.DispatcherServlet        : Completed initialization in 2 ms
2022-09-18 16:19:36.818  WARN 18972 --- [http-nio-9095-exec-8] .w.s.m.s.DefaultHandlerExceptionResolver : Resolved [org.springframework.web.method.annotation.MethodArgumentTypeMismatchException: Failed to convert value of type 'java.lang.String' to required type 'long'; nested exception is java.lang.NumberFormatException: For input string: "1.json"]
2022-09-18 16:21:55.823  WARN 18972 --- [http-nio-9095-exec-3] .w.s.m.s.DefaultHandlerExceptionResolver : Resolved [org.springframework.web.method.annotation.MethodArgumentTypeMismatchException: Failed to convert value of type 'java.lang.String' to required type 'long'; nested exception is java.lang.NumberFormatException: For input string: "2.json"]
2022-09-18 16:28:07.809  INFO 24120 --- [restartedMain] hm.sitek.Application                     : Starting Application using Java 17.0.2 on ASUS-NB with PID 24120 (G:\prog\java\skillfactory_final_project_test\pos-server\target\classes started by Andrey in G:\prog\java\skillfactory_final_project_test\pos-server)
2022-09-18 16:28:07.811  INFO 24120 --- [restartedMain] hm.sitek.Application                     : No active profile set, falling back to 1 default profile: "default"
2022-09-18 16:28:07.864  INFO 24120 --- [restartedMain] .e.DevToolsPropertyDefaultsPostProcessor : Devtools property defaults active! Set 'spring.devtools.add-properties' to 'false' to disable
2022-09-18 16:28:07.864  INFO 24120 --- [restartedMain] .e.DevToolsPropertyDefaultsPostProcessor : For additional web related logging consider setting the 'logging.level.web' property to 'DEBUG'
2022-09-18 16:28:08.416  INFO 24120 --- [restartedMain] .s.d.r.c.RepositoryConfigurationDelegate : Bootstrapping Spring Data JPA repositories in DEFAULT mode.
2022-09-18 16:28:08.435  INFO 24120 --- [restartedMain] .s.d.r.c.RepositoryConfigurationDelegate : Finished Spring Data repository scanning in 8 ms. Found 0 JPA repository interfaces.
2022-09-18 16:28:09.086  INFO 24120 --- [restartedMain] o.s.b.w.embedded.tomcat.TomcatWebServer  : Tomcat initialized with port(s): 9095 (http)
2022-09-18 16:28:09.096  INFO 24120 --- [restartedMain] o.apache.catalina.core.StandardService   : Starting service [Tomcat]
2022-09-18 16:28:09.096  INFO 24120 --- [restartedMain] org.apache.catalina.core.StandardEngine  : Starting Servlet engine: [Apache Tomcat/9.0.65]
2022-09-18 16:28:09.170  INFO 24120 --- [restartedMain] o.a.c.c.C.[Tomcat].[localhost].[/]       : Initializing Spring embedded WebApplicationContext
2022-09-18 16:28:09.170  INFO 24120 --- [restartedMain] w.s.c.ServletWebServerApplicationContext : Root WebApplicationContext: initialization completed in 1305 ms
2022-09-18 16:28:09.311  INFO 24120 --- [restartedMain] com.zaxxer.hikari.HikariDataSource       : HikariPool-1 - Starting...
2022-09-18 16:28:09.429  INFO 24120 --- [restartedMain] com.zaxxer.hikari.HikariDataSource       : HikariPool-1 - Start completed.
2022-09-18 16:28:09.475  INFO 24120 --- [restartedMain] o.hibernate.jpa.internal.util.LogHelper  : HHH000204: Processing PersistenceUnitInfo [name: default]
2022-09-18 16:28:09.518  INFO 24120 --- [restartedMain] org.hibernate.Version                    : HHH000412: Hibernate ORM core version 5.6.10.Final
2022-09-18 16:28:09.685  INFO 24120 --- [restartedMain] o.hibernate.annotations.common.Version   : HCANN000001: Hibernate Commons Annotations {5.1.2.Final}
2022-09-18 16:28:09.797  INFO 24120 --- [restartedMain] org.hibernate.dialect.Dialect            : HHH000400: Using dialect: org.hibernate.dialect.PostgreSQL10Dialect
2022-09-18 16:28:09.979  INFO 24120 --- [restartedMain] o.h.e.t.j.p.i.JtaPlatformInitiator       : HHH000490: Using JtaPlatform implementation: [org.hibernate.engine.transaction.jta.platform.internal.NoJtaPlatform]
2022-09-18 16:28:09.989  INFO 24120 --- [restartedMain] j.LocalContainerEntityManagerFactoryBean : Initialized JPA EntityManagerFactory for persistence unit 'default'
2022-09-18 16:28:10.060  WARN 24120 --- [restartedMain] JpaBaseConfiguration$JpaWebConfiguration : spring.jpa.open-in-view is enabled by default. Therefore, database queries may be performed during view rendering. Explicitly configure spring.jpa.open-in-view to disable this warning
2022-09-18 16:28:10.198  INFO 24120 --- [restartedMain] o.s.b.a.w.s.WelcomePageHandlerMapping    : Adding welcome page template: index
2022-09-18 16:28:10.364  INFO 24120 --- [restartedMain] o.s.b.d.a.OptionalLiveReloadServer       : LiveReload server is running on port 35729
2022-09-18 16:28:10.394  INFO 24120 --- [restartedMain] o.s.b.w.embedded.tomcat.TomcatWebServer  : Tomcat started on port(s): 9095 (http) with context path ''
2022-09-18 16:28:10.404  INFO 24120 --- [restartedMain] hm.sitek.Application                     : Started Application in 2.948 seconds (JVM running for 3.39)
2022-09-18 16:28:21.224  INFO 24120 --- [http-nio-9095-exec-1] o.a.c.c.C.[Tomcat].[localhost].[/]       : Initializing Spring DispatcherServlet 'dispatcherServlet'
2022-09-18 16:28:21.225  INFO 24120 --- [http-nio-9095-exec-1] o.s.web.servlet.DispatcherServlet        : Initializing Servlet 'dispatcherServlet'
2022-09-18 16:28:21.226  INFO 24120 --- [http-nio-9095-exec-1] o.s.web.servlet.DispatcherServlet        : Completed initialization in 1 ms
2022-09-18 18:16:05.491  INFO 996 --- [restartedMain] hm.sitek.Application                     : Starting Application using Java 17.0.2 on ASUS-NB with PID 996 (G:\prog\java\skillfactory_final_project_test\pos-server\target\classes started by Andrey in G:\prog\java\skillfactory_final_project_test\pos-server)
2022-09-18 18:16:05.493  INFO 996 --- [restartedMain] hm.sitek.Application                     : No active profile set, falling back to 1 default profile: "default"
2022-09-18 18:16:05.548  INFO 996 --- [restartedMain] .e.DevToolsPropertyDefaultsPostProcessor : Devtools property defaults active! Set 'spring.devtools.add-properties' to 'false' to disable
2022-09-18 18:16:05.549  INFO 996 --- [restartedMain] .e.DevToolsPropertyDefaultsPostProcessor : For additional web related logging consider setting the 'logging.level.web' property to 'DEBUG'
2022-09-18 18:16:06.124  INFO 996 --- [restartedMain] .s.d.r.c.RepositoryConfigurationDelegate : Bootstrapping Spring Data JPA repositories in DEFAULT mode.
2022-09-18 18:16:06.143  INFO 996 --- [restartedMain] .s.d.r.c.RepositoryConfigurationDelegate : Finished Spring Data repository scanning in 11 ms. Found 0 JPA repository interfaces.
2022-09-18 18:16:06.830  INFO 996 --- [restartedMain] o.s.b.w.embedded.tomcat.TomcatWebServer  : Tomcat initialized with port(s): 9095 (http)
2022-09-18 18:16:06.841  INFO 996 --- [restartedMain] o.apache.catalina.core.StandardService   : Starting service [Tomcat]
2022-09-18 18:16:06.841  INFO 996 --- [restartedMain] org.apache.catalina.core.StandardEngine  : Starting Servlet engine: [Apache Tomcat/9.0.65]
2022-09-18 18:16:06.916  INFO 996 --- [restartedMain] o.a.c.c.C.[Tomcat].[localhost].[/]       : Initializing Spring embedded WebApplicationContext
2022-09-18 18:16:06.916  INFO 996 --- [restartedMain] w.s.c.ServletWebServerApplicationContext : Root WebApplicationContext: initialization completed in 1367 ms
2022-09-18 18:16:07.056  INFO 996 --- [restartedMain] com.zaxxer.hikari.HikariDataSource       : HikariPool-1 - Starting...
2022-09-18 18:16:07.170  INFO 996 --- [restartedMain] com.zaxxer.hikari.HikariDataSource       : HikariPool-1 - Start completed.
2022-09-18 18:16:07.210  INFO 996 --- [restartedMain] o.hibernate.jpa.internal.util.LogHelper  : HHH000204: Processing PersistenceUnitInfo [name: default]
2022-09-18 18:16:07.252  INFO 996 --- [restartedMain] org.hibernate.Version                    : HHH000412: Hibernate ORM core version 5.6.10.Final
2022-09-18 18:16:07.420  INFO 996 --- [restartedMain] o.hibernate.annotations.common.Version   : HCANN000001: Hibernate Commons Annotations {5.1.2.Final}
2022-09-18 18:16:07.565  INFO 996 --- [restartedMain] org.hibernate.dialect.Dialect            : HHH000400: Using dialect: org.hibernate.dialect.PostgreSQL10Dialect
2022-09-18 18:16:07.734  INFO 996 --- [restartedMain] o.h.e.t.j.p.i.JtaPlatformInitiator       : HHH000490: Using JtaPlatform implementation: [org.hibernate.engine.transaction.jta.platform.internal.NoJtaPlatform]
2022-09-18 18:16:07.745  INFO 996 --- [restartedMain] j.LocalContainerEntityManagerFactoryBean : Initialized JPA EntityManagerFactory for persistence unit 'default'
2022-09-18 18:16:07.817  WARN 996 --- [restartedMain] JpaBaseConfiguration$JpaWebConfiguration : spring.jpa.open-in-view is enabled by default. Therefore, database queries may be performed during view rendering. Explicitly configure spring.jpa.open-in-view to disable this warning
2022-09-18 18:16:07.956  INFO 996 --- [restartedMain] o.s.b.a.w.s.WelcomePageHandlerMapping    : Adding welcome page template: index
2022-09-18 18:16:08.119  INFO 996 --- [restartedMain] o.s.b.d.a.OptionalLiveReloadServer       : LiveReload server is running on port 35729
2022-09-18 18:16:08.149  INFO 996 --- [restartedMain] o.s.b.w.embedded.tomcat.TomcatWebServer  : Tomcat started on port(s): 9095 (http) with context path ''
2022-09-18 18:16:08.159  INFO 996 --- [restartedMain] hm.sitek.Application                     : Started Application in 3.066 seconds (JVM running for 3.538)
2022-09-18 18:16:20.542  INFO 996 --- [http-nio-9095-exec-1] o.a.c.c.C.[Tomcat].[localhost].[/]       : Initializing Spring DispatcherServlet 'dispatcherServlet'
2022-09-18 18:16:20.542  INFO 996 --- [http-nio-9095-exec-1] o.s.web.servlet.DispatcherServlet        : Initializing Servlet 'dispatcherServlet'
2022-09-18 18:16:20.543  INFO 996 --- [http-nio-9095-exec-1] o.s.web.servlet.DispatcherServlet        : Completed initialization in 1 ms
2022-09-18 18:46:20.012  INFO 3576 --- [restartedMain] hm.sitek.Application                     : Starting Application using Java 17.0.2 on ASUS-NB with PID 3576 (G:\prog\java\skillfactory_final_project_test\pos-server\target\classes started by Andrey in G:\prog\java\skillfactory_final_project_test\pos-server)
2022-09-18 18:46:20.014  INFO 3576 --- [restartedMain] hm.sitek.Application                     : No active profile set, falling back to 1 default profile: "default"
2022-09-18 18:46:20.076  INFO 3576 --- [restartedMain] .e.DevToolsPropertyDefaultsPostProcessor : Devtools property defaults active! Set 'spring.devtools.add-properties' to 'false' to disable
2022-09-18 18:46:20.077  INFO 3576 --- [restartedMain] .e.DevToolsPropertyDefaultsPostProcessor : For additional web related logging consider setting the 'logging.level.web' property to 'DEBUG'
2022-09-18 18:46:20.763  INFO 3576 --- [restartedMain] .s.d.r.c.RepositoryConfigurationDelegate : Bootstrapping Spring Data JPA repositories in DEFAULT mode.
2022-09-18 18:46:20.778  INFO 3576 --- [restartedMain] .s.d.r.c.RepositoryConfigurationDelegate : Finished Spring Data repository scanning in 6 ms. Found 0 JPA repository interfaces.
2022-09-18 18:46:21.690  INFO 3576 --- [restartedMain] o.s.b.w.embedded.tomcat.TomcatWebServer  : Tomcat initialized with port(s): 9095 (http)
2022-09-18 18:46:21.704  INFO 3576 --- [restartedMain] o.apache.catalina.core.StandardService   : Starting service [Tomcat]
2022-09-18 18:46:21.705  INFO 3576 --- [restartedMain] org.apache.catalina.core.StandardEngine  : Starting Servlet engine: [Apache Tomcat/9.0.65]
2022-09-18 18:46:21.799  INFO 3576 --- [restartedMain] o.a.c.c.C.[Tomcat].[localhost].[/]       : Initializing Spring embedded WebApplicationContext
2022-09-18 18:46:21.799  INFO 3576 --- [restartedMain] w.s.c.ServletWebServerApplicationContext : Root WebApplicationContext: initialization completed in 1722 ms
2022-09-18 18:46:22.029  INFO 3576 --- [restartedMain] com.zaxxer.hikari.HikariDataSource       : HikariPool-1 - Starting...
2022-09-18 18:46:22.249  INFO 3576 --- [restartedMain] com.zaxxer.hikari.HikariDataSource       : HikariPool-1 - Start completed.
2022-09-18 18:46:22.305  INFO 3576 --- [restartedMain] o.hibernate.jpa.internal.util.LogHelper  : HHH000204: Processing PersistenceUnitInfo [name: default]
2022-09-18 18:46:22.373  INFO 3576 --- [restartedMain] org.hibernate.Version                    : HHH000412: Hibernate ORM core version 5.6.10.Final
2022-09-18 18:46:22.552  INFO 3576 --- [restartedMain] o.hibernate.annotations.common.Version   : HCANN000001: Hibernate Commons Annotations {5.1.2.Final}
2022-09-18 18:46:22.698  INFO 3576 --- [restartedMain] org.hibernate.dialect.Dialect            : HHH000400: Using dialect: org.hibernate.dialect.PostgreSQL10Dialect
2022-09-18 18:46:22.888  INFO 3576 --- [restartedMain] o.h.e.t.j.p.i.JtaPlatformInitiator       : HHH000490: Using JtaPlatform implementation: [org.hibernate.engine.transaction.jta.platform.internal.NoJtaPlatform]
2022-09-18 18:46:22.896  INFO 3576 --- [restartedMain] j.LocalContainerEntityManagerFactoryBean : Initialized JPA EntityManagerFactory for persistence unit 'default'
2022-09-18 18:46:22.990  WARN 3576 --- [restartedMain] JpaBaseConfiguration$JpaWebConfiguration : spring.jpa.open-in-view is enabled by default. Therefore, database queries may be performed during view rendering. Explicitly configure spring.jpa.open-in-view to disable this warning
2022-09-18 18:46:23.450  INFO 3576 --- [restartedMain] o.s.b.a.w.s.WelcomePageHandlerMapping    : Adding welcome page template: index
2022-09-18 18:46:23.907  INFO 3576 --- [restartedMain] o.s.b.d.a.OptionalLiveReloadServer       : LiveReload server is running on port 35729
2022-09-18 18:46:23.943  INFO 3576 --- [restartedMain] o.s.b.w.embedded.tomcat.TomcatWebServer  : Tomcat started on port(s): 9095 (http) with context path ''
2022-09-18 18:46:23.955  INFO 3576 --- [restartedMain] hm.sitek.Application                     : Started Application in 4.345 seconds (JVM running for 4.864)
2022-09-18 18:46:38.307  INFO 3576 --- [http-nio-9095-exec-1] o.a.c.c.C.[Tomcat].[localhost].[/]       : Initializing Spring DispatcherServlet 'dispatcherServlet'
2022-09-18 18:46:38.308  INFO 3576 --- [http-nio-9095-exec-1] o.s.web.servlet.DispatcherServlet        : Initializing Servlet 'dispatcherServlet'
2022-09-18 18:46:38.309  INFO 3576 --- [http-nio-9095-exec-1] o.s.web.servlet.DispatcherServlet        : Completed initialization in 1 ms
2022-09-18 19:04:05.519  INFO 19508 --- [restartedMain] hm.sitek.Application                     : Starting Application using Java 17.0.2 on ASUS-NB with PID 19508 (G:\prog\java\skillfactory_final_project_test\pos-server\target\classes started by Andrey in G:\prog\java\skillfactory_final_project_test\pos-server)
2022-09-18 19:04:05.521  INFO 19508 --- [restartedMain] hm.sitek.Application                     : No active profile set, falling back to 1 default profile: "default"
2022-09-18 19:04:05.571  INFO 19508 --- [restartedMain] .e.DevToolsPropertyDefaultsPostProcessor : Devtools property defaults active! Set 'spring.devtools.add-properties' to 'false' to disable
2022-09-18 19:04:05.571  INFO 19508 --- [restartedMain] .e.DevToolsPropertyDefaultsPostProcessor : For additional web related logging consider setting the 'logging.level.web' property to 'DEBUG'
2022-09-18 19:04:06.166  INFO 19508 --- [restartedMain] .s.d.r.c.RepositoryConfigurationDelegate : Bootstrapping Spring Data JPA repositories in DEFAULT mode.
2022-09-18 19:04:06.180  INFO 19508 --- [restartedMain] .s.d.r.c.RepositoryConfigurationDelegate : Finished Spring Data repository scanning in 6 ms. Found 0 JPA repository interfaces.
2022-09-18 19:04:06.926  INFO 19508 --- [restartedMain] o.s.b.w.embedded.tomcat.TomcatWebServer  : Tomcat initialized with port(s): 9095 (http)
2022-09-18 19:04:06.937  INFO 19508 --- [restartedMain] o.apache.catalina.core.StandardService   : Starting service [Tomcat]
2022-09-18 19:04:06.938  INFO 19508 --- [restartedMain] org.apache.catalina.core.StandardEngine  : Starting Servlet engine: [Apache Tomcat/9.0.65]
2022-09-18 19:04:07.018  INFO 19508 --- [restartedMain] o.a.c.c.C.[Tomcat].[localhost].[/]       : Initializing Spring embedded WebApplicationContext
2022-09-18 19:04:07.018  INFO 19508 --- [restartedMain] w.s.c.ServletWebServerApplicationContext : Root WebApplicationContext: initialization completed in 1447 ms
2022-09-18 19:04:07.234  INFO 19508 --- [restartedMain] com.zaxxer.hikari.HikariDataSource       : HikariPool-1 - Starting...
2022-09-18 19:04:07.453  INFO 19508 --- [restartedMain] com.zaxxer.hikari.HikariDataSource       : HikariPool-1 - Start completed.
2022-09-18 19:04:07.508  INFO 19508 --- [restartedMain] o.hibernate.jpa.internal.util.LogHelper  : HHH000204: Processing PersistenceUnitInfo [name: default]
2022-09-18 19:04:07.552  INFO 19508 --- [restartedMain] org.hibernate.Version                    : HHH000412: Hibernate ORM core version 5.6.10.Final
2022-09-18 19:04:07.718  INFO 19508 --- [restartedMain] o.hibernate.annotations.common.Version   : HCANN000001: Hibernate Commons Annotations {5.1.2.Final}
2022-09-18 19:04:07.855  INFO 19508 --- [restartedMain] org.hibernate.dialect.Dialect            : HHH000400: Using dialect: org.hibernate.dialect.PostgreSQL10Dialect
2022-09-18 19:04:08.040  INFO 19508 --- [restartedMain] o.h.e.t.j.p.i.JtaPlatformInitiator       : HHH000490: Using JtaPlatform implementation: [org.hibernate.engine.transaction.jta.platform.internal.NoJtaPlatform]
2022-09-18 19:04:08.051  INFO 19508 --- [restartedMain] j.LocalContainerEntityManagerFactoryBean : Initialized JPA EntityManagerFactory for persistence unit 'default'
2022-09-18 19:04:08.154  WARN 19508 --- [restartedMain] JpaBaseConfiguration$JpaWebConfiguration : spring.jpa.open-in-view is enabled by default. Therefore, database queries may be performed during view rendering. Explicitly configure spring.jpa.open-in-view to disable this warning
2022-09-18 19:04:08.642  INFO 19508 --- [restartedMain] o.s.b.a.w.s.WelcomePageHandlerMapping    : Adding welcome page template: index
2022-09-18 19:04:09.090  INFO 19508 --- [restartedMain] o.s.b.d.a.OptionalLiveReloadServer       : LiveReload server is running on port 35729
2022-09-18 19:04:09.124  INFO 19508 --- [restartedMain] o.s.b.w.embedded.tomcat.TomcatWebServer  : Tomcat started on port(s): 9095 (http) with context path ''
2022-09-18 19:04:09.136  INFO 19508 --- [restartedMain] hm.sitek.Application                     : Started Application in 4.008 seconds (JVM running for 4.498)
2022-09-18 19:04:26.994  INFO 19508 --- [http-nio-9095-exec-1] o.a.c.c.C.[Tomcat].[localhost].[/]       : Initializing Spring DispatcherServlet 'dispatcherServlet'
2022-09-18 19:04:26.995  INFO 19508 --- [http-nio-9095-exec-1] o.s.web.servlet.DispatcherServlet        : Initializing Servlet 'dispatcherServlet'
2022-09-18 19:04:26.996  INFO 19508 --- [http-nio-9095-exec-1] o.s.web.servlet.DispatcherServlet        : Completed initialization in 1 ms
2022-09-18 19:05:20.850  WARN 19508 --- [http-nio-9095-exec-7] .w.s.m.s.DefaultHandlerExceptionResolver : Resolved [org.springframework.web.bind.MissingPathVariableException: Required URI template variable 'empNo' for method parameter type String is not present]
2022-09-18 19:05:36.060  WARN 19508 --- [http-nio-9095-exec-9] .w.s.m.s.DefaultHandlerExceptionResolver : Resolved [org.springframework.web.bind.MissingPathVariableException: Required URI template variable 'empNo' for method parameter type String is not present]
